ERROR - 2022-11-11 01:35:50 --> mysqli_sql_exception: Table 'db_music.contact' doesn't exist in C:\xampp\htdocs\ci-news\system\Database\MySQLi\Connection.php:292
Stack trace:
#0 C:\xampp\htdocs\ci-news\system\Database\MySQLi\Connection.php(292): mysqli->query('SELECT *\nFROM `...', 0)
#1 C:\xampp\htdocs\ci-news\system\Database\BaseConnection.php(666): CodeIgniter\Database\MySQLi\Connection->execute('SELECT *\nFROM `...')
#2 C:\xampp\htdocs\ci-news\system\Database\BaseConnection.php(593): CodeIgniter\Database\BaseConnection->simpleQuery('SELECT *\nFROM `...')
#3 C:\xampp\htdocs\ci-news\system\Database\BaseBuilder.php(1585): CodeIgniter\Database\BaseConnection->query('SELECT *\nFROM `...', Array, false)
#4 C:\xampp\htdocs\ci-news\system\Model.php(223): CodeIgniter\Database\BaseBuilder->get()
#5 C:\xampp\htdocs\ci-news\system\BaseModel.php(585): CodeIgniter\Model->doFindAll(0, 0)
#6 C:\xampp\htdocs\ci-news\app\Controllers\Contact.php(13): CodeIgniter\BaseModel->findAll()
#7 C:\xampp\htdocs\ci-news\system\CodeIgniter.php(927): App\Controllers\Contact->contact()
#8 C:\xampp\htdocs\ci-news\system\CodeIgniter.php(482): CodeIgniter\CodeIgniter->runController(Object(App\Controllers\Contact))
#9 C:\xampp\htdocs\ci-news\system\CodeIgniter.php(351): CodeIgniter\CodeIgniter->handleRequest(NULL, Object(Config\Cache), false)
#10 C:\xampp\htdocs\ci-news\public\index.php(67): CodeIgniter\CodeIgniter->run()
#11 C:\xampp\htdocs\ci-news\system\Commands\Server\rewrite.php(46): require_once('C:\\xampp\\htdocs...')
#12 {main}
CRITICAL - 2022-11-11 01:35:50 --> Table 'db_music.contact' doesn't exist
in SYSTEMPATH\Database\MySQLi\Connection.php on line 292.
 1 SYSTEMPATH\Database\MySQLi\Connection.php(292): mysqli->query('SELECT *
FROM `contact`', 0)
 2 SYSTEMPATH\Database\BaseConnection.php(666): CodeIgniter\Database\MySQLi\Connection->execute('SELECT *
FROM `contact`')
 3 SYSTEMPATH\Database\BaseConnection.php(593): CodeIgniter\Database\BaseConnection->simpleQuery('SELECT *
FROM `contact`')
 4 SYSTEMPATH\Database\BaseBuilder.php(1585): CodeIgniter\Database\BaseConnection->query('SELECT *
FROM `contact`', [], false)
 5 SYSTEMPATH\Model.php(223): CodeIgniter\Database\BaseBuilder->get()
 6 SYSTEMPATH\BaseModel.php(585): CodeIgniter\Model->doFindAll(0, 0)
 7 APPPATH\Controllers\Contact.php(13): CodeIgniter\BaseModel->findAll()
 8 SYSTEMPATH\CodeIgniter.php(927): App\Controllers\Contact->contact()
 9 SYSTEMPATH\CodeIgniter.php(482): CodeIgniter\CodeIgniter->runController(Object(App\Controllers\Contact))
10 SYSTEMPATH\CodeIgniter.php(351): CodeIgniter\CodeIgniter->handleRequest(null, Object(Config\Cache), false)
11 FCPATH\index.php(67): CodeIgniter\CodeIgniter->run()
12 SYSTEMPATH\Commands\Server\rewrite.php(46): require_once('FCPATH\\index.php')
CRITICAL - 2022-11-11 01:59:07 --> Undefined variable $music
in APPPATH\Views\contact.php on line 19.
 1 APPPATH\Views\contact.php(19): CodeIgniter\Debug\Exceptions->errorHandler(2, 'Undefined variable $music', 'APPPATH\\Views\\contact.php', 19)
 2 SYSTEMPATH\View\View.php(213): include('APPPATH\\Views\\contact.php')
 3 SYSTEMPATH\View\View.php(216): CodeIgniter\View\View->CodeIgniter\View\{closure}()
 4 SYSTEMPATH\Common.php(1134): CodeIgniter\View\View->render('contact', [], true)
 5 APPPATH\Controllers\Contact.php(17): view('contact', [...])
 6 SYSTEMPATH\CodeIgniter.php(927): App\Controllers\Contact->contact()
 7 SYSTEMPATH\CodeIgniter.php(482): CodeIgniter\CodeIgniter->runController(Object(App\Controllers\Contact))
 8 SYSTEMPATH\CodeIgniter.php(351): CodeIgniter\CodeIgniter->handleRequest(null, Object(Config\Cache), false)
 9 FCPATH\index.php(67): CodeIgniter\CodeIgniter->run()
10 SYSTEMPATH\Commands\Server\rewrite.php(46): require_once('FCPATH\\index.php')
CRITICAL - 2022-11-11 02:07:52 --> Class "App\Models\MusicModel" not found
in APPPATH\Controllers\Music.php on line 12.
 1 SYSTEMPATH\CodeIgniter.php(927): App\Controllers\Music->music()
 2 SYSTEMPATH\CodeIgniter.php(482): CodeIgniter\CodeIgniter->runController(Object(App\Controllers\Music))
 3 SYSTEMPATH\CodeIgniter.php(351): CodeIgniter\CodeIgniter->handleRequest(null, Object(Config\Cache), false)
 4 FCPATH\index.php(67): CodeIgniter\CodeIgniter->run()
 5 SYSTEMPATH\Commands\Server\rewrite.php(46): require_once('FCPATH\\index.php')
CRITICAL - 2022-11-11 02:08:21 --> Class "App\Models\MusicModel" not found
in APPPATH\Controllers\Music.php on line 12.
 1 SYSTEMPATH\CodeIgniter.php(927): App\Controllers\Music->music()
 2 SYSTEMPATH\CodeIgniter.php(482): CodeIgniter\CodeIgniter->runController(Object(App\Controllers\Music))
 3 SYSTEMPATH\CodeIgniter.php(351): CodeIgniter\CodeIgniter->handleRequest(null, Object(Config\Cache), false)
 4 FCPATH\index.php(67): CodeIgniter\CodeIgniter->run()
 5 SYSTEMPATH\Commands\Server\rewrite.php(46): require_once('FCPATH\\index.php')
CRITICAL - 2022-11-11 02:09:18 --> Class "App\Models\MusicModel" not found
in APPPATH\Controllers\Music.php on line 12.
 1 SYSTEMPATH\CodeIgniter.php(927): App\Controllers\Music->music()
 2 SYSTEMPATH\CodeIgniter.php(482): CodeIgniter\CodeIgniter->runController(Object(App\Controllers\Music))
 3 SYSTEMPATH\CodeIgniter.php(351): CodeIgniter\CodeIgniter->handleRequest(null, Object(Config\Cache), false)
 4 FCPATH\index.php(67): CodeIgniter\CodeIgniter->run()
 5 SYSTEMPATH\Commands\Server\rewrite.php(46): require_once('FCPATH\\index.php')
CRITICAL - 2022-11-11 02:09:34 --> Undefined array key "title"
in APPPATH\Views\music.php on line 22.
 1 APPPATH\Views\music.php(22): CodeIgniter\Debug\Exceptions->errorHandler(2, 'Undefined array key "title"', 'APPPATH\\Views\\music.php', 22)
 2 SYSTEMPATH\View\View.php(213): include('APPPATH\\Views\\music.php')
 3 SYSTEMPATH\View\View.php(216): CodeIgniter\View\View->CodeIgniter\View\{closure}()
 4 SYSTEMPATH\Common.php(1134): CodeIgniter\View\View->render('music', [], true)
 5 APPPATH\Controllers\Music.php(17): view('music', [...])
 6 SYSTEMPATH\CodeIgniter.php(927): App\Controllers\Music->music()
 7 SYSTEMPATH\CodeIgniter.php(482): CodeIgniter\CodeIgniter->runController(Object(App\Controllers\Music))
 8 SYSTEMPATH\CodeIgniter.php(351): CodeIgniter\CodeIgniter->handleRequest(null, Object(Config\Cache), false)
 9 FCPATH\index.php(67): CodeIgniter\CodeIgniter->run()
10 SYSTEMPATH\Commands\Server\rewrite.php(46): require_once('FCPATH\\index.php')
CRITICAL - 2022-11-11 02:10:35 --> Undefined array key "tittle"
in APPPATH\Views\music.php on line 22.
 1 APPPATH\Views\music.php(22): CodeIgniter\Debug\Exceptions->errorHandler(2, 'Undefined array key "tittle"', 'APPPATH\\Views\\music.php', 22)
 2 SYSTEMPATH\View\View.php(213): include('APPPATH\\Views\\music.php')
 3 SYSTEMPATH\View\View.php(216): CodeIgniter\View\View->CodeIgniter\View\{closure}()
 4 SYSTEMPATH\Common.php(1134): CodeIgniter\View\View->render('music', [], true)
 5 APPPATH\Controllers\Music.php(17): view('music', [...])
 6 SYSTEMPATH\CodeIgniter.php(927): App\Controllers\Music->music()
 7 SYSTEMPATH\CodeIgniter.php(482): CodeIgniter\CodeIgniter->runController(Object(App\Controllers\Music))
 8 SYSTEMPATH\CodeIgniter.php(351): CodeIgniter\CodeIgniter->handleRequest(null, Object(Config\Cache), false)
 9 FCPATH\index.php(67): CodeIgniter\CodeIgniter->run()
10 SYSTEMPATH\Commands\Server\rewrite.php(46): require_once('FCPATH\\index.php')
CRITICAL - 2022-11-11 02:11:44 --> Undefined array key "title"
in APPPATH\Views\music.php on line 22.
 1 APPPATH\Views\music.php(22): CodeIgniter\Debug\Exceptions->errorHandler(2, 'Undefined array key "title"', 'APPPATH\\Views\\music.php', 22)
 2 SYSTEMPATH\View\View.php(213): include('APPPATH\\Views\\music.php')
 3 SYSTEMPATH\View\View.php(216): CodeIgniter\View\View->CodeIgniter\View\{closure}()
 4 SYSTEMPATH\Common.php(1134): CodeIgniter\View\View->render('music', [], true)
 5 APPPATH\Controllers\Music.php(17): view('music', [...])
 6 SYSTEMPATH\CodeIgniter.php(927): App\Controllers\Music->music()
 7 SYSTEMPATH\CodeIgniter.php(482): CodeIgniter\CodeIgniter->runController(Object(App\Controllers\Music))
 8 SYSTEMPATH\CodeIgniter.php(351): CodeIgniter\CodeIgniter->handleRequest(null, Object(Config\Cache), false)
 9 FCPATH\index.php(67): CodeIgniter\CodeIgniter->run()
10 SYSTEMPATH\Commands\Server\rewrite.php(46): require_once('FCPATH\\index.php')
CRITICAL - 2022-11-11 02:14:27 --> Undefined array key "title"
in APPPATH\Views\music.php on line 22.
 1 APPPATH\Views\music.php(22): CodeIgniter\Debug\Exceptions->errorHandler(2, 'Undefined array key "title"', 'APPPATH\\Views\\music.php', 22)
 2 SYSTEMPATH\View\View.php(213): include('APPPATH\\Views\\music.php')
 3 SYSTEMPATH\View\View.php(216): CodeIgniter\View\View->CodeIgniter\View\{closure}()
 4 SYSTEMPATH\Common.php(1134): CodeIgniter\View\View->render('music', [], true)
 5 APPPATH\Controllers\Music.php(17): view('music', [...])
 6 SYSTEMPATH\CodeIgniter.php(927): App\Controllers\Music->music()
 7 SYSTEMPATH\CodeIgniter.php(482): CodeIgniter\CodeIgniter->runController(Object(App\Controllers\Music))
 8 SYSTEMPATH\CodeIgniter.php(351): CodeIgniter\CodeIgniter->handleRequest(null, Object(Config\Cache), false)
 9 FCPATH\index.php(67): CodeIgniter\CodeIgniter->run()
10 SYSTEMPATH\Commands\Server\rewrite.php(46): require_once('FCPATH\\index.php')
CRITICAL - 2022-11-11 02:14:27 --> Undefined array key "title"
in APPPATH\Views\music.php on line 22.
 1 APPPATH\Views\music.php(22): CodeIgniter\Debug\Exceptions->errorHandler(2, 'Undefined array key "title"', 'APPPATH\\Views\\music.php', 22)
 2 SYSTEMPATH\View\View.php(213): include('APPPATH\\Views\\music.php')
 3 SYSTEMPATH\View\View.php(216): CodeIgniter\View\View->CodeIgniter\View\{closure}()
 4 SYSTEMPATH\Common.php(1134): CodeIgniter\View\View->render('music', [], true)
 5 APPPATH\Controllers\Music.php(17): view('music', [...])
 6 SYSTEMPATH\CodeIgniter.php(927): App\Controllers\Music->music()
 7 SYSTEMPATH\CodeIgniter.php(482): CodeIgniter\CodeIgniter->runController(Object(App\Controllers\Music))
 8 SYSTEMPATH\CodeIgniter.php(351): CodeIgniter\CodeIgniter->handleRequest(null, Object(Config\Cache), false)
 9 FCPATH\index.php(67): CodeIgniter\CodeIgniter->run()
10 SYSTEMPATH\Commands\Server\rewrite.php(46): require_once('FCPATH\\index.php')
CRITICAL - 2022-11-11 02:14:27 --> Undefined array key "title"
in APPPATH\Views\music.php on line 22.
 1 APPPATH\Views\music.php(22): CodeIgniter\Debug\Exceptions->errorHandler(2, 'Undefined array key "title"', 'APPPATH\\Views\\music.php', 22)
 2 SYSTEMPATH\View\View.php(213): include('APPPATH\\Views\\music.php')
 3 SYSTEMPATH\View\View.php(216): CodeIgniter\View\View->CodeIgniter\View\{closure}()
 4 SYSTEMPATH\Common.php(1134): CodeIgniter\View\View->render('music', [], true)
 5 APPPATH\Controllers\Music.php(17): view('music', [...])
 6 SYSTEMPATH\CodeIgniter.php(927): App\Controllers\Music->music()
 7 SYSTEMPATH\CodeIgniter.php(482): CodeIgniter\CodeIgniter->runController(Object(App\Controllers\Music))
 8 SYSTEMPATH\CodeIgniter.php(351): CodeIgniter\CodeIgniter->handleRequest(null, Object(Config\Cache), false)
 9 FCPATH\index.php(67): CodeIgniter\CodeIgniter->run()
10 SYSTEMPATH\Commands\Server\rewrite.php(46): require_once('FCPATH\\index.php')
CRITICAL - 2022-11-11 02:14:28 --> Undefined array key "title"
in APPPATH\Views\music.php on line 22.
 1 APPPATH\Views\music.php(22): CodeIgniter\Debug\Exceptions->errorHandler(2, 'Undefined array key "title"', 'APPPATH\\Views\\music.php', 22)
 2 SYSTEMPATH\View\View.php(213): include('APPPATH\\Views\\music.php')
 3 SYSTEMPATH\View\View.php(216): CodeIgniter\View\View->CodeIgniter\View\{closure}()
 4 SYSTEMPATH\Common.php(1134): CodeIgniter\View\View->render('music', [], true)
 5 APPPATH\Controllers\Music.php(17): view('music', [...])
 6 SYSTEMPATH\CodeIgniter.php(927): App\Controllers\Music->music()
 7 SYSTEMPATH\CodeIgniter.php(482): CodeIgniter\CodeIgniter->runController(Object(App\Controllers\Music))
 8 SYSTEMPATH\CodeIgniter.php(351): CodeIgniter\CodeIgniter->handleRequest(null, Object(Config\Cache), false)
 9 FCPATH\index.php(67): CodeIgniter\CodeIgniter->run()
10 SYSTEMPATH\Commands\Server\rewrite.php(46): require_once('FCPATH\\index.php')
CRITICAL - 2022-11-11 02:14:28 --> Undefined array key "title"
in APPPATH\Views\music.php on line 22.
 1 APPPATH\Views\music.php(22): CodeIgniter\Debug\Exceptions->errorHandler(2, 'Undefined array key "title"', 'APPPATH\\Views\\music.php', 22)
 2 SYSTEMPATH\View\View.php(213): include('APPPATH\\Views\\music.php')
 3 SYSTEMPATH\View\View.php(216): CodeIgniter\View\View->CodeIgniter\View\{closure}()
 4 SYSTEMPATH\Common.php(1134): CodeIgniter\View\View->render('music', [], true)
 5 APPPATH\Controllers\Music.php(17): view('music', [...])
 6 SYSTEMPATH\CodeIgniter.php(927): App\Controllers\Music->music()
 7 SYSTEMPATH\CodeIgniter.php(482): CodeIgniter\CodeIgniter->runController(Object(App\Controllers\Music))
 8 SYSTEMPATH\CodeIgniter.php(351): CodeIgniter\CodeIgniter->handleRequest(null, Object(Config\Cache), false)
 9 FCPATH\index.php(67): CodeIgniter\CodeIgniter->run()
10 SYSTEMPATH\Commands\Server\rewrite.php(46): require_once('FCPATH\\index.php')
CRITICAL - 2022-11-11 02:14:28 --> Undefined array key "title"
in APPPATH\Views\music.php on line 22.
 1 APPPATH\Views\music.php(22): CodeIgniter\Debug\Exceptions->errorHandler(2, 'Undefined array key "title"', 'APPPATH\\Views\\music.php', 22)
 2 SYSTEMPATH\View\View.php(213): include('APPPATH\\Views\\music.php')
 3 SYSTEMPATH\View\View.php(216): CodeIgniter\View\View->CodeIgniter\View\{closure}()
 4 SYSTEMPATH\Common.php(1134): CodeIgniter\View\View->render('music', [], true)
 5 APPPATH\Controllers\Music.php(17): view('music', [...])
 6 SYSTEMPATH\CodeIgniter.php(927): App\Controllers\Music->music()
 7 SYSTEMPATH\CodeIgniter.php(482): CodeIgniter\CodeIgniter->runController(Object(App\Controllers\Music))
 8 SYSTEMPATH\CodeIgniter.php(351): CodeIgniter\CodeIgniter->handleRequest(null, Object(Config\Cache), false)
 9 FCPATH\index.php(67): CodeIgniter\CodeIgniter->run()
10 SYSTEMPATH\Commands\Server\rewrite.php(46): require_once('FCPATH\\index.php')
CRITICAL - 2022-11-11 02:14:28 --> Undefined array key "title"
in APPPATH\Views\music.php on line 22.
 1 APPPATH\Views\music.php(22): CodeIgniter\Debug\Exceptions->errorHandler(2, 'Undefined array key "title"', 'APPPATH\\Views\\music.php', 22)
 2 SYSTEMPATH\View\View.php(213): include('APPPATH\\Views\\music.php')
 3 SYSTEMPATH\View\View.php(216): CodeIgniter\View\View->CodeIgniter\View\{closure}()
 4 SYSTEMPATH\Common.php(1134): CodeIgniter\View\View->render('music', [], true)
 5 APPPATH\Controllers\Music.php(17): view('music', [...])
 6 SYSTEMPATH\CodeIgniter.php(927): App\Controllers\Music->music()
 7 SYSTEMPATH\CodeIgniter.php(482): CodeIgniter\CodeIgniter->runController(Object(App\Controllers\Music))
 8 SYSTEMPATH\CodeIgniter.php(351): CodeIgniter\CodeIgniter->handleRequest(null, Object(Config\Cache), false)
 9 FCPATH\index.php(67): CodeIgniter\CodeIgniter->run()
10 SYSTEMPATH\Commands\Server\rewrite.php(46): require_once('FCPATH\\index.php')
CRITICAL - 2022-11-11 02:14:29 --> Undefined array key "title"
in APPPATH\Views\music.php on line 22.
 1 APPPATH\Views\music.php(22): CodeIgniter\Debug\Exceptions->errorHandler(2, 'Undefined array key "title"', 'APPPATH\\Views\\music.php', 22)
 2 SYSTEMPATH\View\View.php(213): include('APPPATH\\Views\\music.php')
 3 SYSTEMPATH\View\View.php(216): CodeIgniter\View\View->CodeIgniter\View\{closure}()
 4 SYSTEMPATH\Common.php(1134): CodeIgniter\View\View->render('music', [], true)
 5 APPPATH\Controllers\Music.php(17): view('music', [...])
 6 SYSTEMPATH\CodeIgniter.php(927): App\Controllers\Music->music()
 7 SYSTEMPATH\CodeIgniter.php(482): CodeIgniter\CodeIgniter->runController(Object(App\Controllers\Music))
 8 SYSTEMPATH\CodeIgniter.php(351): CodeIgniter\CodeIgniter->handleRequest(null, Object(Config\Cache), false)
 9 FCPATH\index.php(67): CodeIgniter\CodeIgniter->run()
10 SYSTEMPATH\Commands\Server\rewrite.php(46): require_once('FCPATH\\index.php')
CRITICAL - 2022-11-11 02:14:29 --> Undefined array key "title"
in APPPATH\Views\music.php on line 22.
 1 APPPATH\Views\music.php(22): CodeIgniter\Debug\Exceptions->errorHandler(2, 'Undefined array key "title"', 'APPPATH\\Views\\music.php', 22)
 2 SYSTEMPATH\View\View.php(213): include('APPPATH\\Views\\music.php')
 3 SYSTEMPATH\View\View.php(216): CodeIgniter\View\View->CodeIgniter\View\{closure}()
 4 SYSTEMPATH\Common.php(1134): CodeIgniter\View\View->render('music', [], true)
 5 APPPATH\Controllers\Music.php(17): view('music', [...])
 6 SYSTEMPATH\CodeIgniter.php(927): App\Controllers\Music->music()
 7 SYSTEMPATH\CodeIgniter.php(482): CodeIgniter\CodeIgniter->runController(Object(App\Controllers\Music))
 8 SYSTEMPATH\CodeIgniter.php(351): CodeIgniter\CodeIgniter->handleRequest(null, Object(Config\Cache), false)
 9 FCPATH\index.php(67): CodeIgniter\CodeIgniter->run()
10 SYSTEMPATH\Commands\Server\rewrite.php(46): require_once('FCPATH\\index.php')
CRITICAL - 2022-11-11 02:14:29 --> Undefined array key "title"
in APPPATH\Views\music.php on line 22.
 1 APPPATH\Views\music.php(22): CodeIgniter\Debug\Exceptions->errorHandler(2, 'Undefined array key "title"', 'APPPATH\\Views\\music.php', 22)
 2 SYSTEMPATH\View\View.php(213): include('APPPATH\\Views\\music.php')
 3 SYSTEMPATH\View\View.php(216): CodeIgniter\View\View->CodeIgniter\View\{closure}()
 4 SYSTEMPATH\Common.php(1134): CodeIgniter\View\View->render('music', [], true)
 5 APPPATH\Controllers\Music.php(17): view('music', [...])
 6 SYSTEMPATH\CodeIgniter.php(927): App\Controllers\Music->music()
 7 SYSTEMPATH\CodeIgniter.php(482): CodeIgniter\CodeIgniter->runController(Object(App\Controllers\Music))
 8 SYSTEMPATH\CodeIgniter.php(351): CodeIgniter\CodeIgniter->handleRequest(null, Object(Config\Cache), false)
 9 FCPATH\index.php(67): CodeIgniter\CodeIgniter->run()
10 SYSTEMPATH\Commands\Server\rewrite.php(46): require_once('FCPATH\\index.php')
CRITICAL - 2022-11-11 02:14:29 --> Undefined array key "title"
in APPPATH\Views\music.php on line 22.
 1 APPPATH\Views\music.php(22): CodeIgniter\Debug\Exceptions->errorHandler(2, 'Undefined array key "title"', 'APPPATH\\Views\\music.php', 22)
 2 SYSTEMPATH\View\View.php(213): include('APPPATH\\Views\\music.php')
 3 SYSTEMPATH\View\View.php(216): CodeIgniter\View\View->CodeIgniter\View\{closure}()
 4 SYSTEMPATH\Common.php(1134): CodeIgniter\View\View->render('music', [], true)
 5 APPPATH\Controllers\Music.php(17): view('music', [...])
 6 SYSTEMPATH\CodeIgniter.php(927): App\Controllers\Music->music()
 7 SYSTEMPATH\CodeIgniter.php(482): CodeIgniter\CodeIgniter->runController(Object(App\Controllers\Music))
 8 SYSTEMPATH\CodeIgniter.php(351): CodeIgniter\CodeIgniter->handleRequest(null, Object(Config\Cache), false)
 9 FCPATH\index.php(67): CodeIgniter\CodeIgniter->run()
10 SYSTEMPATH\Commands\Server\rewrite.php(46): require_once('FCPATH\\index.php')
CRITICAL - 2022-11-11 02:14:29 --> Undefined array key "title"
in APPPATH\Views\music.php on line 22.
 1 APPPATH\Views\music.php(22): CodeIgniter\Debug\Exceptions->errorHandler(2, 'Undefined array key "title"', 'APPPATH\\Views\\music.php', 22)
 2 SYSTEMPATH\View\View.php(213): include('APPPATH\\Views\\music.php')
 3 SYSTEMPATH\View\View.php(216): CodeIgniter\View\View->CodeIgniter\View\{closure}()
 4 SYSTEMPATH\Common.php(1134): CodeIgniter\View\View->render('music', [], true)
 5 APPPATH\Controllers\Music.php(17): view('music', [...])
 6 SYSTEMPATH\CodeIgniter.php(927): App\Controllers\Music->music()
 7 SYSTEMPATH\CodeIgniter.php(482): CodeIgniter\CodeIgniter->runController(Object(App\Controllers\Music))
 8 SYSTEMPATH\CodeIgniter.php(351): CodeIgniter\CodeIgniter->handleRequest(null, Object(Config\Cache), false)
 9 FCPATH\index.php(67): CodeIgniter\CodeIgniter->run()
10 SYSTEMPATH\Commands\Server\rewrite.php(46): require_once('FCPATH\\index.php')
CRITICAL - 2022-11-11 02:19:36 --> Undefined array key "title"
in APPPATH\Views\music.php on line 22.
 1 APPPATH\Views\music.php(22): CodeIgniter\Debug\Exceptions->errorHandler(2, 'Undefined array key "title"', 'APPPATH\\Views\\music.php', 22)
 2 SYSTEMPATH\View\View.php(213): include('APPPATH\\Views\\music.php')
 3 SYSTEMPATH\View\View.php(216): CodeIgniter\View\View->CodeIgniter\View\{closure}()
 4 SYSTEMPATH\Common.php(1134): CodeIgniter\View\View->render('music', [], true)
 5 APPPATH\Controllers\Music.php(17): view('music', [...])
 6 SYSTEMPATH\CodeIgniter.php(927): App\Controllers\Music->music()
 7 SYSTEMPATH\CodeIgniter.php(482): CodeIgniter\CodeIgniter->runController(Object(App\Controllers\Music))
 8 SYSTEMPATH\CodeIgniter.php(351): CodeIgniter\CodeIgniter->handleRequest(null, Object(Config\Cache), false)
 9 FCPATH\index.php(67): CodeIgniter\CodeIgniter->run()
10 SYSTEMPATH\Commands\Server\rewrite.php(46): require_once('FCPATH\\index.php')
CRITICAL - 2022-11-11 02:24:56 --> Undefined array key "title"
in APPPATH\Views\music.php on line 22.
 1 APPPATH\Views\music.php(22): CodeIgniter\Debug\Exceptions->errorHandler(2, 'Undefined array key "title"', 'APPPATH\\Views\\music.php', 22)
 2 SYSTEMPATH\View\View.php(213): include('APPPATH\\Views\\music.php')
 3 SYSTEMPATH\View\View.php(216): CodeIgniter\View\View->CodeIgniter\View\{closure}()
 4 SYSTEMPATH\Common.php(1134): CodeIgniter\View\View->render('music', [], true)
 5 APPPATH\Controllers\Music.php(17): view('music', [...])
 6 SYSTEMPATH\CodeIgniter.php(927): App\Controllers\Music->music()
 7 SYSTEMPATH\CodeIgniter.php(482): CodeIgniter\CodeIgniter->runController(Object(App\Controllers\Music))
 8 SYSTEMPATH\CodeIgniter.php(351): CodeIgniter\CodeIgniter->handleRequest(null, Object(Config\Cache), false)
 9 FCPATH\index.php(67): CodeIgniter\CodeIgniter->run()
10 SYSTEMPATH\Commands\Server\rewrite.php(46): require_once('FCPATH\\index.php')
CRITICAL - 2022-11-11 02:25:03 --> Undefined array key "title"
in APPPATH\Views\music.php on line 22.
 1 APPPATH\Views\music.php(22): CodeIgniter\Debug\Exceptions->errorHandler(2, 'Undefined array key "title"', 'APPPATH\\Views\\music.php', 22)
 2 SYSTEMPATH\View\View.php(213): include('APPPATH\\Views\\music.php')
 3 SYSTEMPATH\View\View.php(216): CodeIgniter\View\View->CodeIgniter\View\{closure}()
 4 SYSTEMPATH\Common.php(1134): CodeIgniter\View\View->render('music', [], true)
 5 APPPATH\Controllers\Music.php(17): view('music', [...])
 6 SYSTEMPATH\CodeIgniter.php(927): App\Controllers\Music->music()
 7 SYSTEMPATH\CodeIgniter.php(482): CodeIgniter\CodeIgniter->runController(Object(App\Controllers\Music))
 8 SYSTEMPATH\CodeIgniter.php(351): CodeIgniter\CodeIgniter->handleRequest(null, Object(Config\Cache), false)
 9 FCPATH\index.php(67): CodeIgniter\CodeIgniter->run()
10 SYSTEMPATH\Commands\Server\rewrite.php(46): require_once('FCPATH\\index.php')
CRITICAL - 2022-11-11 02:25:07 --> Invalid file: add-contact.php
in SYSTEMPATH\Exceptions\FrameworkException.php on line 33.
 1 SYSTEMPATH\View\View.php(201): CodeIgniter\Exceptions\FrameworkException::forInvalidFile('add-contact.php')
 2 SYSTEMPATH\Common.php(1134): CodeIgniter\View\View->render('add-contact', [], true)
 3 APPPATH\Controllers\Music.php(22): view('add-contact')
 4 SYSTEMPATH\CodeIgniter.php(927): App\Controllers\Music->add()
 5 SYSTEMPATH\CodeIgniter.php(482): CodeIgniter\CodeIgniter->runController(Object(App\Controllers\Music))
 6 SYSTEMPATH\CodeIgniter.php(351): CodeIgniter\CodeIgniter->handleRequest(null, Object(Config\Cache), false)
 7 FCPATH\index.php(67): CodeIgniter\CodeIgniter->run()
 8 SYSTEMPATH\Commands\Server\rewrite.php(46): require_once('FCPATH\\index.php')
CRITICAL - 2022-11-11 02:25:13 --> Invalid file: add-contact.php
in SYSTEMPATH\Exceptions\FrameworkException.php on line 33.
 1 SYSTEMPATH\View\View.php(201): CodeIgniter\Exceptions\FrameworkException::forInvalidFile('add-contact.php')
 2 SYSTEMPATH\Common.php(1134): CodeIgniter\View\View->render('add-contact', [], true)
 3 APPPATH\Controllers\Music.php(22): view('add-contact')
 4 SYSTEMPATH\CodeIgniter.php(927): App\Controllers\Music->add()
 5 SYSTEMPATH\CodeIgniter.php(482): CodeIgniter\CodeIgniter->runController(Object(App\Controllers\Music))
 6 SYSTEMPATH\CodeIgniter.php(351): CodeIgniter\CodeIgniter->handleRequest(null, Object(Config\Cache), false)
 7 FCPATH\index.php(67): CodeIgniter\CodeIgniter->run()
 8 SYSTEMPATH\Commands\Server\rewrite.php(46): require_once('FCPATH\\index.php')
CRITICAL - 2022-11-11 02:25:16 --> Undefined array key "title"
in APPPATH\Views\music.php on line 22.
 1 APPPATH\Views\music.php(22): CodeIgniter\Debug\Exceptions->errorHandler(2, 'Undefined array key "title"', 'APPPATH\\Views\\music.php', 22)
 2 SYSTEMPATH\View\View.php(213): include('APPPATH\\Views\\music.php')
 3 SYSTEMPATH\View\View.php(216): CodeIgniter\View\View->CodeIgniter\View\{closure}()
 4 SYSTEMPATH\Common.php(1134): CodeIgniter\View\View->render('music', [], true)
 5 APPPATH\Controllers\Music.php(17): view('music', [...])
 6 SYSTEMPATH\CodeIgniter.php(927): App\Controllers\Music->music()
 7 SYSTEMPATH\CodeIgniter.php(482): CodeIgniter\CodeIgniter->runController(Object(App\Controllers\Music))
 8 SYSTEMPATH\CodeIgniter.php(351): CodeIgniter\CodeIgniter->handleRequest(null, Object(Config\Cache), false)
 9 FCPATH\index.php(67): CodeIgniter\CodeIgniter->run()
10 SYSTEMPATH\Commands\Server\rewrite.php(46): require_once('FCPATH\\index.php')
CRITICAL - 2022-11-11 02:25:22 --> Invalid file: add-contact.php
in SYSTEMPATH\Exceptions\FrameworkException.php on line 33.
 1 SYSTEMPATH\View\View.php(201): CodeIgniter\Exceptions\FrameworkException::forInvalidFile('add-contact.php')
 2 SYSTEMPATH\Common.php(1134): CodeIgniter\View\View->render('add-contact', [], true)
 3 APPPATH\Controllers\Music.php(22): view('add-contact')
 4 SYSTEMPATH\CodeIgniter.php(927): App\Controllers\Music->add()
 5 SYSTEMPATH\CodeIgniter.php(482): CodeIgniter\CodeIgniter->runController(Object(App\Controllers\Music))
 6 SYSTEMPATH\CodeIgniter.php(351): CodeIgniter\CodeIgniter->handleRequest(null, Object(Config\Cache), false)
 7 FCPATH\index.php(67): CodeIgniter\CodeIgniter->run()
 8 SYSTEMPATH\Commands\Server\rewrite.php(46): require_once('FCPATH\\index.php')
CRITICAL - 2022-11-11 02:27:50 --> Invalid file: add-contact.php
in SYSTEMPATH\Exceptions\FrameworkException.php on line 33.
 1 SYSTEMPATH\View\View.php(201): CodeIgniter\Exceptions\FrameworkException::forInvalidFile('add-contact.php')
 2 SYSTEMPATH\Common.php(1134): CodeIgniter\View\View->render('add-contact', [], true)
 3 APPPATH\Controllers\Music.php(22): view('add-contact')
 4 SYSTEMPATH\CodeIgniter.php(927): App\Controllers\Music->add()
 5 SYSTEMPATH\CodeIgniter.php(482): CodeIgniter\CodeIgniter->runController(Object(App\Controllers\Music))
 6 SYSTEMPATH\CodeIgniter.php(351): CodeIgniter\CodeIgniter->handleRequest(null, Object(Config\Cache), false)
 7 FCPATH\index.php(67): CodeIgniter\CodeIgniter->run()
 8 SYSTEMPATH\Commands\Server\rewrite.php(46): require_once('FCPATH\\index.php')
CRITICAL - 2022-11-11 02:27:51 --> Invalid file: add-contact.php
in SYSTEMPATH\Exceptions\FrameworkException.php on line 33.
 1 SYSTEMPATH\View\View.php(201): CodeIgniter\Exceptions\FrameworkException::forInvalidFile('add-contact.php')
 2 SYSTEMPATH\Common.php(1134): CodeIgniter\View\View->render('add-contact', [], true)
 3 APPPATH\Controllers\Music.php(22): view('add-contact')
 4 SYSTEMPATH\CodeIgniter.php(927): App\Controllers\Music->add()
 5 SYSTEMPATH\CodeIgniter.php(482): CodeIgniter\CodeIgniter->runController(Object(App\Controllers\Music))
 6 SYSTEMPATH\CodeIgniter.php(351): CodeIgniter\CodeIgniter->handleRequest(null, Object(Config\Cache), false)
 7 FCPATH\index.php(67): CodeIgniter\CodeIgniter->run()
 8 SYSTEMPATH\Commands\Server\rewrite.php(46): require_once('FCPATH\\index.php')
CRITICAL - 2022-11-11 02:27:51 --> Invalid file: add-contact.php
in SYSTEMPATH\Exceptions\FrameworkException.php on line 33.
 1 SYSTEMPATH\View\View.php(201): CodeIgniter\Exceptions\FrameworkException::forInvalidFile('add-contact.php')
 2 SYSTEMPATH\Common.php(1134): CodeIgniter\View\View->render('add-contact', [], true)
 3 APPPATH\Controllers\Music.php(22): view('add-contact')
 4 SYSTEMPATH\CodeIgniter.php(927): App\Controllers\Music->add()
 5 SYSTEMPATH\CodeIgniter.php(482): CodeIgniter\CodeIgniter->runController(Object(App\Controllers\Music))
 6 SYSTEMPATH\CodeIgniter.php(351): CodeIgniter\CodeIgniter->handleRequest(null, Object(Config\Cache), false)
 7 FCPATH\index.php(67): CodeIgniter\CodeIgniter->run()
 8 SYSTEMPATH\Commands\Server\rewrite.php(46): require_once('FCPATH\\index.php')
CRITICAL - 2022-11-11 02:27:52 --> Invalid file: add-contact.php
in SYSTEMPATH\Exceptions\FrameworkException.php on line 33.
 1 SYSTEMPATH\View\View.php(201): CodeIgniter\Exceptions\FrameworkException::forInvalidFile('add-contact.php')
 2 SYSTEMPATH\Common.php(1134): CodeIgniter\View\View->render('add-contact', [], true)
 3 APPPATH\Controllers\Music.php(22): view('add-contact')
 4 SYSTEMPATH\CodeIgniter.php(927): App\Controllers\Music->add()
 5 SYSTEMPATH\CodeIgniter.php(482): CodeIgniter\CodeIgniter->runController(Object(App\Controllers\Music))
 6 SYSTEMPATH\CodeIgniter.php(351): CodeIgniter\CodeIgniter->handleRequest(null, Object(Config\Cache), false)
 7 FCPATH\index.php(67): CodeIgniter\CodeIgniter->run()
 8 SYSTEMPATH\Commands\Server\rewrite.php(46): require_once('FCPATH\\index.php')
CRITICAL - 2022-11-11 02:27:52 --> Invalid file: add-contact.php
in SYSTEMPATH\Exceptions\FrameworkException.php on line 33.
 1 SYSTEMPATH\View\View.php(201): CodeIgniter\Exceptions\FrameworkException::forInvalidFile('add-contact.php')
 2 SYSTEMPATH\Common.php(1134): CodeIgniter\View\View->render('add-contact', [], true)
 3 APPPATH\Controllers\Music.php(22): view('add-contact')
 4 SYSTEMPATH\CodeIgniter.php(927): App\Controllers\Music->add()
 5 SYSTEMPATH\CodeIgniter.php(482): CodeIgniter\CodeIgniter->runController(Object(App\Controllers\Music))
 6 SYSTEMPATH\CodeIgniter.php(351): CodeIgniter\CodeIgniter->handleRequest(null, Object(Config\Cache), false)
 7 FCPATH\index.php(67): CodeIgniter\CodeIgniter->run()
 8 SYSTEMPATH\Commands\Server\rewrite.php(46): require_once('FCPATH\\index.php')
CRITICAL - 2022-11-11 02:27:52 --> Invalid file: add-contact.php
in SYSTEMPATH\Exceptions\FrameworkException.php on line 33.
 1 SYSTEMPATH\View\View.php(201): CodeIgniter\Exceptions\FrameworkException::forInvalidFile('add-contact.php')
 2 SYSTEMPATH\Common.php(1134): CodeIgniter\View\View->render('add-contact', [], true)
 3 APPPATH\Controllers\Music.php(22): view('add-contact')
 4 SYSTEMPATH\CodeIgniter.php(927): App\Controllers\Music->add()
 5 SYSTEMPATH\CodeIgniter.php(482): CodeIgniter\CodeIgniter->runController(Object(App\Controllers\Music))
 6 SYSTEMPATH\CodeIgniter.php(351): CodeIgniter\CodeIgniter->handleRequest(null, Object(Config\Cache), false)
 7 FCPATH\index.php(67): CodeIgniter\CodeIgniter->run()
 8 SYSTEMPATH\Commands\Server\rewrite.php(46): require_once('FCPATH\\index.php')
CRITICAL - 2022-11-11 02:27:52 --> Invalid file: add-contact.php
in SYSTEMPATH\Exceptions\FrameworkException.php on line 33.
 1 SYSTEMPATH\View\View.php(201): CodeIgniter\Exceptions\FrameworkException::forInvalidFile('add-contact.php')
 2 SYSTEMPATH\Common.php(1134): CodeIgniter\View\View->render('add-contact', [], true)
 3 APPPATH\Controllers\Music.php(22): view('add-contact')
 4 SYSTEMPATH\CodeIgniter.php(927): App\Controllers\Music->add()
 5 SYSTEMPATH\CodeIgniter.php(482): CodeIgniter\CodeIgniter->runController(Object(App\Controllers\Music))
 6 SYSTEMPATH\CodeIgniter.php(351): CodeIgniter\CodeIgniter->handleRequest(null, Object(Config\Cache), false)
 7 FCPATH\index.php(67): CodeIgniter\CodeIgniter->run()
 8 SYSTEMPATH\Commands\Server\rewrite.php(46): require_once('FCPATH\\index.php')
CRITICAL - 2022-11-11 02:27:53 --> Invalid file: add-contact.php
in SYSTEMPATH\Exceptions\FrameworkException.php on line 33.
 1 SYSTEMPATH\View\View.php(201): CodeIgniter\Exceptions\FrameworkException::forInvalidFile('add-contact.php')
 2 SYSTEMPATH\Common.php(1134): CodeIgniter\View\View->render('add-contact', [], true)
 3 APPPATH\Controllers\Music.php(22): view('add-contact')
 4 SYSTEMPATH\CodeIgniter.php(927): App\Controllers\Music->add()
 5 SYSTEMPATH\CodeIgniter.php(482): CodeIgniter\CodeIgniter->runController(Object(App\Controllers\Music))
 6 SYSTEMPATH\CodeIgniter.php(351): CodeIgniter\CodeIgniter->handleRequest(null, Object(Config\Cache), false)
 7 FCPATH\index.php(67): CodeIgniter\CodeIgniter->run()
 8 SYSTEMPATH\Commands\Server\rewrite.php(46): require_once('FCPATH\\index.php')
CRITICAL - 2022-11-11 02:27:53 --> Invalid file: add-contact.php
in SYSTEMPATH\Exceptions\FrameworkException.php on line 33.
 1 SYSTEMPATH\View\View.php(201): CodeIgniter\Exceptions\FrameworkException::forInvalidFile('add-contact.php')
 2 SYSTEMPATH\Common.php(1134): CodeIgniter\View\View->render('add-contact', [], true)
 3 APPPATH\Controllers\Music.php(22): view('add-contact')
 4 SYSTEMPATH\CodeIgniter.php(927): App\Controllers\Music->add()
 5 SYSTEMPATH\CodeIgniter.php(482): CodeIgniter\CodeIgniter->runController(Object(App\Controllers\Music))
 6 SYSTEMPATH\CodeIgniter.php(351): CodeIgniter\CodeIgniter->handleRequest(null, Object(Config\Cache), false)
 7 FCPATH\index.php(67): CodeIgniter\CodeIgniter->run()
 8 SYSTEMPATH\Commands\Server\rewrite.php(46): require_once('FCPATH\\index.php')
CRITICAL - 2022-11-11 02:27:53 --> Invalid file: add-contact.php
in SYSTEMPATH\Exceptions\FrameworkException.php on line 33.
 1 SYSTEMPATH\View\View.php(201): CodeIgniter\Exceptions\FrameworkException::forInvalidFile('add-contact.php')
 2 SYSTEMPATH\Common.php(1134): CodeIgniter\View\View->render('add-contact', [], true)
 3 APPPATH\Controllers\Music.php(22): view('add-contact')
 4 SYSTEMPATH\CodeIgniter.php(927): App\Controllers\Music->add()
 5 SYSTEMPATH\CodeIgniter.php(482): CodeIgniter\CodeIgniter->runController(Object(App\Controllers\Music))
 6 SYSTEMPATH\CodeIgniter.php(351): CodeIgniter\CodeIgniter->handleRequest(null, Object(Config\Cache), false)
 7 FCPATH\index.php(67): CodeIgniter\CodeIgniter->run()
 8 SYSTEMPATH\Commands\Server\rewrite.php(46): require_once('FCPATH\\index.php')
CRITICAL - 2022-11-11 02:27:53 --> Invalid file: add-contact.php
in SYSTEMPATH\Exceptions\FrameworkException.php on line 33.
 1 SYSTEMPATH\View\View.php(201): CodeIgniter\Exceptions\FrameworkException::forInvalidFile('add-contact.php')
 2 SYSTEMPATH\Common.php(1134): CodeIgniter\View\View->render('add-contact', [], true)
 3 APPPATH\Controllers\Music.php(22): view('add-contact')
 4 SYSTEMPATH\CodeIgniter.php(927): App\Controllers\Music->add()
 5 SYSTEMPATH\CodeIgniter.php(482): CodeIgniter\CodeIgniter->runController(Object(App\Controllers\Music))
 6 SYSTEMPATH\CodeIgniter.php(351): CodeIgniter\CodeIgniter->handleRequest(null, Object(Config\Cache), false)
 7 FCPATH\index.php(67): CodeIgniter\CodeIgniter->run()
 8 SYSTEMPATH\Commands\Server\rewrite.php(46): require_once('FCPATH\\index.php')
CRITICAL - 2022-11-11 02:27:53 --> Invalid file: add-contact.php
in SYSTEMPATH\Exceptions\FrameworkException.php on line 33.
 1 SYSTEMPATH\View\View.php(201): CodeIgniter\Exceptions\FrameworkException::forInvalidFile('add-contact.php')
 2 SYSTEMPATH\Common.php(1134): CodeIgniter\View\View->render('add-contact', [], true)
 3 APPPATH\Controllers\Music.php(22): view('add-contact')
 4 SYSTEMPATH\CodeIgniter.php(927): App\Controllers\Music->add()
 5 SYSTEMPATH\CodeIgniter.php(482): CodeIgniter\CodeIgniter->runController(Object(App\Controllers\Music))
 6 SYSTEMPATH\CodeIgniter.php(351): CodeIgniter\CodeIgniter->handleRequest(null, Object(Config\Cache), false)
 7 FCPATH\index.php(67): CodeIgniter\CodeIgniter->run()
 8 SYSTEMPATH\Commands\Server\rewrite.php(46): require_once('FCPATH\\index.php')
CRITICAL - 2022-11-11 02:27:53 --> Invalid file: add-contact.php
in SYSTEMPATH\Exceptions\FrameworkException.php on line 33.
 1 SYSTEMPATH\View\View.php(201): CodeIgniter\Exceptions\FrameworkException::forInvalidFile('add-contact.php')
 2 SYSTEMPATH\Common.php(1134): CodeIgniter\View\View->render('add-contact', [], true)
 3 APPPATH\Controllers\Music.php(22): view('add-contact')
 4 SYSTEMPATH\CodeIgniter.php(927): App\Controllers\Music->add()
 5 SYSTEMPATH\CodeIgniter.php(482): CodeIgniter\CodeIgniter->runController(Object(App\Controllers\Music))
 6 SYSTEMPATH\CodeIgniter.php(351): CodeIgniter\CodeIgniter->handleRequest(null, Object(Config\Cache), false)
 7 FCPATH\index.php(67): CodeIgniter\CodeIgniter->run()
 8 SYSTEMPATH\Commands\Server\rewrite.php(46): require_once('FCPATH\\index.php')
CRITICAL - 2022-11-11 02:28:35 --> Invalid file: add-contact.php
in SYSTEMPATH\Exceptions\FrameworkException.php on line 33.
 1 SYSTEMPATH\View\View.php(201): CodeIgniter\Exceptions\FrameworkException::forInvalidFile('add-contact.php')
 2 SYSTEMPATH\Common.php(1134): CodeIgniter\View\View->render('add-contact', [], true)
 3 APPPATH\Controllers\Music.php(22): view('add-contact')
 4 SYSTEMPATH\CodeIgniter.php(927): App\Controllers\Music->add()
 5 SYSTEMPATH\CodeIgniter.php(482): CodeIgniter\CodeIgniter->runController(Object(App\Controllers\Music))
 6 SYSTEMPATH\CodeIgniter.php(351): CodeIgniter\CodeIgniter->handleRequest(null, Object(Config\Cache), false)
 7 FCPATH\index.php(67): CodeIgniter\CodeIgniter->run()
 8 SYSTEMPATH\Commands\Server\rewrite.php(46): require_once('FCPATH\\index.php')
CRITICAL - 2022-11-11 02:30:07 --> Undefined array key "title"
in APPPATH\Views\music.php on line 22.
 1 APPPATH\Views\music.php(22): CodeIgniter\Debug\Exceptions->errorHandler(2, 'Undefined array key "title"', 'APPPATH\\Views\\music.php', 22)
 2 SYSTEMPATH\View\View.php(213): include('APPPATH\\Views\\music.php')
 3 SYSTEMPATH\View\View.php(216): CodeIgniter\View\View->CodeIgniter\View\{closure}()
 4 SYSTEMPATH\Common.php(1134): CodeIgniter\View\View->render('music', [], true)
 5 APPPATH\Controllers\Music.php(17): view('music', [...])
 6 SYSTEMPATH\CodeIgniter.php(927): App\Controllers\Music->music()
 7 SYSTEMPATH\CodeIgniter.php(482): CodeIgniter\CodeIgniter->runController(Object(App\Controllers\Music))
 8 SYSTEMPATH\CodeIgniter.php(351): CodeIgniter\CodeIgniter->handleRequest(null, Object(Config\Cache), false)
 9 FCPATH\index.php(67): CodeIgniter\CodeIgniter->run()
10 SYSTEMPATH\Commands\Server\rewrite.php(46): require_once('FCPATH\\index.php')
ERROR - 2022-11-11 02:40:44 --> mysqli_sql_exception: Column 'date_added' cannot be null in C:\xampp\htdocs\ci-news\system\Database\MySQLi\Connection.php:292
Stack trace:
#0 C:\xampp\htdocs\ci-news\system\Database\MySQLi\Connection.php(292): mysqli->query('INSERT INTO `mu...', 0)
#1 C:\xampp\htdocs\ci-news\system\Database\BaseConnection.php(666): CodeIgniter\Database\MySQLi\Connection->execute('INSERT INTO `mu...')
#2 C:\xampp\htdocs\ci-news\system\Database\BaseConnection.php(593): CodeIgniter\Database\BaseConnection->simpleQuery('INSERT INTO `mu...')
#3 C:\xampp\htdocs\ci-news\system\Database\BaseBuilder.php(1916): CodeIgniter\Database\BaseConnection->query('INSERT INTO `mu...', Array, false)
#4 C:\xampp\htdocs\ci-news\system\Model.php(279): CodeIgniter\Database\BaseBuilder->insert()
#5 C:\xampp\htdocs\ci-news\system\BaseModel.php(749): CodeIgniter\Model->doInsert(Array)
#6 C:\xampp\htdocs\ci-news\system\Model.php(667): CodeIgniter\BaseModel->insert(Array, true)
#7 C:\xampp\htdocs\ci-news\app\Controllers\Music.php(31): CodeIgniter\Model->insert(Array)
#8 C:\xampp\htdocs\ci-news\system\CodeIgniter.php(927): App\Controllers\Music->create()
#9 C:\xampp\htdocs\ci-news\system\CodeIgniter.php(482): CodeIgniter\CodeIgniter->runController(Object(App\Controllers\Music))
#10 C:\xampp\htdocs\ci-news\system\CodeIgniter.php(351): CodeIgniter\CodeIgniter->handleRequest(NULL, Object(Config\Cache), false)
#11 C:\xampp\htdocs\ci-news\public\index.php(67): CodeIgniter\CodeIgniter->run()
#12 C:\xampp\htdocs\ci-news\system\Commands\Server\rewrite.php(46): require_once('C:\\xampp\\htdocs...')
#13 {main}
CRITICAL - 2022-11-11 02:40:44 --> Column 'date_added' cannot be null
in SYSTEMPATH\Database\MySQLi\Connection.php on line 292.
 1 SYSTEMPATH\Database\MySQLi\Connection.php(292): mysqli->query('INSERT INTO `music` (`title`, `singer`, `genre`, `date_added`) VALUES (\'Atlantis\', \'Seafles\', \'Pop\', NULL)', 0)
 2 SYSTEMPATH\Database\BaseConnection.php(666): CodeIgniter\Database\MySQLi\Connection->execute('INSERT INTO `music` (`title`, `singer`, `genre`, `date_added`) VALUES (\'Atlantis\', \'Seafles\', \'Pop\', NULL)')
 3 SYSTEMPATH\Database\BaseConnection.php(593): CodeIgniter\Database\BaseConnection->simpleQuery('INSERT INTO `music` (`title`, `singer`, `genre`, `date_added`) VALUES (\'Atlantis\', \'Seafles\', \'Pop\', NULL)')
 4 SYSTEMPATH\Database\BaseBuilder.php(1916): CodeIgniter\Database\BaseConnection->query('INSERT INTO `music` (`title`, `singer`, `genre`, `date_added`) VALUES (:title:, :singer:, :genre:, :date_added:)', [...], false)
 5 SYSTEMPATH\Model.php(279): CodeIgniter\Database\BaseBuilder->insert()
 6 SYSTEMPATH\BaseModel.php(749): CodeIgniter\Model->doInsert([...])
 7 SYSTEMPATH\Model.php(667): CodeIgniter\BaseModel->insert([...], true)
 8 APPPATH\Controllers\Music.php(31): CodeIgniter\Model->insert([...])
 9 SYSTEMPATH\CodeIgniter.php(927): App\Controllers\Music->create()
10 SYSTEMPATH\CodeIgniter.php(482): CodeIgniter\CodeIgniter->runController(Object(App\Controllers\Music))
11 SYSTEMPATH\CodeIgniter.php(351): CodeIgniter\CodeIgniter->handleRequest(null, Object(Config\Cache), false)
12 FCPATH\index.php(67): CodeIgniter\CodeIgniter->run()
13 SYSTEMPATH\Commands\Server\rewrite.php(46): require_once('FCPATH\\index.php')
ERROR - 2022-11-11 02:40:56 --> mysqli_sql_exception: Column 'date_added' cannot be null in C:\xampp\htdocs\ci-news\system\Database\MySQLi\Connection.php:292
Stack trace:
#0 C:\xampp\htdocs\ci-news\system\Database\MySQLi\Connection.php(292): mysqli->query('INSERT INTO `mu...', 0)
#1 C:\xampp\htdocs\ci-news\system\Database\BaseConnection.php(666): CodeIgniter\Database\MySQLi\Connection->execute('INSERT INTO `mu...')
#2 C:\xampp\htdocs\ci-news\system\Database\BaseConnection.php(593): CodeIgniter\Database\BaseConnection->simpleQuery('INSERT INTO `mu...')
#3 C:\xampp\htdocs\ci-news\system\Database\BaseBuilder.php(1916): CodeIgniter\Database\BaseConnection->query('INSERT INTO `mu...', Array, false)
#4 C:\xampp\htdocs\ci-news\system\Model.php(279): CodeIgniter\Database\BaseBuilder->insert()
#5 C:\xampp\htdocs\ci-news\system\BaseModel.php(749): CodeIgniter\Model->doInsert(Array)
#6 C:\xampp\htdocs\ci-news\system\Model.php(667): CodeIgniter\BaseModel->insert(Array, true)
#7 C:\xampp\htdocs\ci-news\app\Controllers\Music.php(31): CodeIgniter\Model->insert(Array)
#8 C:\xampp\htdocs\ci-news\system\CodeIgniter.php(927): App\Controllers\Music->create()
#9 C:\xampp\htdocs\ci-news\system\CodeIgniter.php(482): CodeIgniter\CodeIgniter->runController(Object(App\Controllers\Music))
#10 C:\xampp\htdocs\ci-news\system\CodeIgniter.php(351): CodeIgniter\CodeIgniter->handleRequest(NULL, Object(Config\Cache), false)
#11 C:\xampp\htdocs\ci-news\public\index.php(67): CodeIgniter\CodeIgniter->run()
#12 C:\xampp\htdocs\ci-news\system\Commands\Server\rewrite.php(46): require_once('C:\\xampp\\htdocs...')
#13 {main}
CRITICAL - 2022-11-11 02:40:56 --> Column 'date_added' cannot be null
in SYSTEMPATH\Database\MySQLi\Connection.php on line 292.
 1 SYSTEMPATH\Database\MySQLi\Connection.php(292): mysqli->query('INSERT INTO `music` (`title`, `singer`, `genre`, `date_added`) VALUES (\'Atlantis\', \'Seafles\', \'Pop\', NULL)', 0)
 2 SYSTEMPATH\Database\BaseConnection.php(666): CodeIgniter\Database\MySQLi\Connection->execute('INSERT INTO `music` (`title`, `singer`, `genre`, `date_added`) VALUES (\'Atlantis\', \'Seafles\', \'Pop\', NULL)')
 3 SYSTEMPATH\Database\BaseConnection.php(593): CodeIgniter\Database\BaseConnection->simpleQuery('INSERT INTO `music` (`title`, `singer`, `genre`, `date_added`) VALUES (\'Atlantis\', \'Seafles\', \'Pop\', NULL)')
 4 SYSTEMPATH\Database\BaseBuilder.php(1916): CodeIgniter\Database\BaseConnection->query('INSERT INTO `music` (`title`, `singer`, `genre`, `date_added`) VALUES (:title:, :singer:, :genre:, :date_added:)', [...], false)
 5 SYSTEMPATH\Model.php(279): CodeIgniter\Database\BaseBuilder->insert()
 6 SYSTEMPATH\BaseModel.php(749): CodeIgniter\Model->doInsert([...])
 7 SYSTEMPATH\Model.php(667): CodeIgniter\BaseModel->insert([...], true)
 8 APPPATH\Controllers\Music.php(31): CodeIgniter\Model->insert([...])
 9 SYSTEMPATH\CodeIgniter.php(927): App\Controllers\Music->create()
10 SYSTEMPATH\CodeIgniter.php(482): CodeIgniter\CodeIgniter->runController(Object(App\Controllers\Music))
11 SYSTEMPATH\CodeIgniter.php(351): CodeIgniter\CodeIgniter->handleRequest(null, Object(Config\Cache), false)
12 FCPATH\index.php(67): CodeIgniter\CodeIgniter->run()
13 SYSTEMPATH\Commands\Server\rewrite.php(46): require_once('FCPATH\\index.php')
ERROR - 2022-11-11 02:41:32 --> mysqli_sql_exception: Column 'date_added' cannot be null in C:\xampp\htdocs\ci-news\system\Database\MySQLi\Connection.php:292
Stack trace:
#0 C:\xampp\htdocs\ci-news\system\Database\MySQLi\Connection.php(292): mysqli->query('INSERT INTO `mu...', 0)
#1 C:\xampp\htdocs\ci-news\system\Database\BaseConnection.php(666): CodeIgniter\Database\MySQLi\Connection->execute('INSERT INTO `mu...')
#2 C:\xampp\htdocs\ci-news\system\Database\BaseConnection.php(593): CodeIgniter\Database\BaseConnection->simpleQuery('INSERT INTO `mu...')
#3 C:\xampp\htdocs\ci-news\system\Database\BaseBuilder.php(1916): CodeIgniter\Database\BaseConnection->query('INSERT INTO `mu...', Array, false)
#4 C:\xampp\htdocs\ci-news\system\Model.php(279): CodeIgniter\Database\BaseBuilder->insert()
#5 C:\xampp\htdocs\ci-news\system\BaseModel.php(749): CodeIgniter\Model->doInsert(Array)
#6 C:\xampp\htdocs\ci-news\system\Model.php(667): CodeIgniter\BaseModel->insert(Array, true)
#7 C:\xampp\htdocs\ci-news\app\Controllers\Music.php(31): CodeIgniter\Model->insert(Array)
#8 C:\xampp\htdocs\ci-news\system\CodeIgniter.php(927): App\Controllers\Music->create()
#9 C:\xampp\htdocs\ci-news\system\CodeIgniter.php(482): CodeIgniter\CodeIgniter->runController(Object(App\Controllers\Music))
#10 C:\xampp\htdocs\ci-news\system\CodeIgniter.php(351): CodeIgniter\CodeIgniter->handleRequest(NULL, Object(Config\Cache), false)
#11 C:\xampp\htdocs\ci-news\public\index.php(67): CodeIgniter\CodeIgniter->run()
#12 C:\xampp\htdocs\ci-news\system\Commands\Server\rewrite.php(46): require_once('C:\\xampp\\htdocs...')
#13 {main}
CRITICAL - 2022-11-11 02:41:32 --> Column 'date_added' cannot be null
in SYSTEMPATH\Database\MySQLi\Connection.php on line 292.
 1 SYSTEMPATH\Database\MySQLi\Connection.php(292): mysqli->query('INSERT INTO `music` (`title`, `singer`, `genre`, `date_added`) VALUES (\'Atlantis\', \'Seafles\', \'Pop\', NULL)', 0)
 2 SYSTEMPATH\Database\BaseConnection.php(666): CodeIgniter\Database\MySQLi\Connection->execute('INSERT INTO `music` (`title`, `singer`, `genre`, `date_added`) VALUES (\'Atlantis\', \'Seafles\', \'Pop\', NULL)')
 3 SYSTEMPATH\Database\BaseConnection.php(593): CodeIgniter\Database\BaseConnection->simpleQuery('INSERT INTO `music` (`title`, `singer`, `genre`, `date_added`) VALUES (\'Atlantis\', \'Seafles\', \'Pop\', NULL)')
 4 SYSTEMPATH\Database\BaseBuilder.php(1916): CodeIgniter\Database\BaseConnection->query('INSERT INTO `music` (`title`, `singer`, `genre`, `date_added`) VALUES (:title:, :singer:, :genre:, :date_added:)', [...], false)
 5 SYSTEMPATH\Model.php(279): CodeIgniter\Database\BaseBuilder->insert()
 6 SYSTEMPATH\BaseModel.php(749): CodeIgniter\Model->doInsert([...])
 7 SYSTEMPATH\Model.php(667): CodeIgniter\BaseModel->insert([...], true)
 8 APPPATH\Controllers\Music.php(31): CodeIgniter\Model->insert([...])
 9 SYSTEMPATH\CodeIgniter.php(927): App\Controllers\Music->create()
10 SYSTEMPATH\CodeIgniter.php(482): CodeIgniter\CodeIgniter->runController(Object(App\Controllers\Music))
11 SYSTEMPATH\CodeIgniter.php(351): CodeIgniter\CodeIgniter->handleRequest(null, Object(Config\Cache), false)
12 FCPATH\index.php(67): CodeIgniter\CodeIgniter->run()
13 SYSTEMPATH\Commands\Server\rewrite.php(46): require_once('FCPATH\\index.php')
ERROR - 2022-11-11 02:41:49 --> mysqli_sql_exception: Column 'date_added' cannot be null in C:\xampp\htdocs\ci-news\system\Database\MySQLi\Connection.php:292
Stack trace:
#0 C:\xampp\htdocs\ci-news\system\Database\MySQLi\Connection.php(292): mysqli->query('INSERT INTO `mu...', 0)
#1 C:\xampp\htdocs\ci-news\system\Database\BaseConnection.php(666): CodeIgniter\Database\MySQLi\Connection->execute('INSERT INTO `mu...')
#2 C:\xampp\htdocs\ci-news\system\Database\BaseConnection.php(593): CodeIgniter\Database\BaseConnection->simpleQuery('INSERT INTO `mu...')
#3 C:\xampp\htdocs\ci-news\system\Database\BaseBuilder.php(1916): CodeIgniter\Database\BaseConnection->query('INSERT INTO `mu...', Array, false)
#4 C:\xampp\htdocs\ci-news\system\Model.php(279): CodeIgniter\Database\BaseBuilder->insert()
#5 C:\xampp\htdocs\ci-news\system\BaseModel.php(749): CodeIgniter\Model->doInsert(Array)
#6 C:\xampp\htdocs\ci-news\system\Model.php(667): CodeIgniter\BaseModel->insert(Array, true)
#7 C:\xampp\htdocs\ci-news\app\Controllers\Music.php(31): CodeIgniter\Model->insert(Array)
#8 C:\xampp\htdocs\ci-news\system\CodeIgniter.php(927): App\Controllers\Music->create()
#9 C:\xampp\htdocs\ci-news\system\CodeIgniter.php(482): CodeIgniter\CodeIgniter->runController(Object(App\Controllers\Music))
#10 C:\xampp\htdocs\ci-news\system\CodeIgniter.php(351): CodeIgniter\CodeIgniter->handleRequest(NULL, Object(Config\Cache), false)
#11 C:\xampp\htdocs\ci-news\public\index.php(67): CodeIgniter\CodeIgniter->run()
#12 C:\xampp\htdocs\ci-news\system\Commands\Server\rewrite.php(46): require_once('C:\\xampp\\htdocs...')
#13 {main}
CRITICAL - 2022-11-11 02:41:49 --> Column 'date_added' cannot be null
in SYSTEMPATH\Database\MySQLi\Connection.php on line 292.
 1 SYSTEMPATH\Database\MySQLi\Connection.php(292): mysqli->query('INSERT INTO `music` (`title`, `singer`, `genre`, `date_added`) VALUES (\'Atlantis\', \'Seafles\', \'Pop\', NULL)', 0)
 2 SYSTEMPATH\Database\BaseConnection.php(666): CodeIgniter\Database\MySQLi\Connection->execute('INSERT INTO `music` (`title`, `singer`, `genre`, `date_added`) VALUES (\'Atlantis\', \'Seafles\', \'Pop\', NULL)')
 3 SYSTEMPATH\Database\BaseConnection.php(593): CodeIgniter\Database\BaseConnection->simpleQuery('INSERT INTO `music` (`title`, `singer`, `genre`, `date_added`) VALUES (\'Atlantis\', \'Seafles\', \'Pop\', NULL)')
 4 SYSTEMPATH\Database\BaseBuilder.php(1916): CodeIgniter\Database\BaseConnection->query('INSERT INTO `music` (`title`, `singer`, `genre`, `date_added`) VALUES (:title:, :singer:, :genre:, :date_added:)', [...], false)
 5 SYSTEMPATH\Model.php(279): CodeIgniter\Database\BaseBuilder->insert()
 6 SYSTEMPATH\BaseModel.php(749): CodeIgniter\Model->doInsert([...])
 7 SYSTEMPATH\Model.php(667): CodeIgniter\BaseModel->insert([...], true)
 8 APPPATH\Controllers\Music.php(31): CodeIgniter\Model->insert([...])
 9 SYSTEMPATH\CodeIgniter.php(927): App\Controllers\Music->create()
10 SYSTEMPATH\CodeIgniter.php(482): CodeIgniter\CodeIgniter->runController(Object(App\Controllers\Music))
11 SYSTEMPATH\CodeIgniter.php(351): CodeIgniter\CodeIgniter->handleRequest(null, Object(Config\Cache), false)
12 FCPATH\index.php(67): CodeIgniter\CodeIgniter->run()
13 SYSTEMPATH\Commands\Server\rewrite.php(46): require_once('FCPATH\\index.php')
ERROR - 2022-11-11 02:42:10 --> mysqli_sql_exception: Column 'date_added' cannot be null in C:\xampp\htdocs\ci-news\system\Database\MySQLi\Connection.php:292
Stack trace:
#0 C:\xampp\htdocs\ci-news\system\Database\MySQLi\Connection.php(292): mysqli->query('INSERT INTO `mu...', 0)
#1 C:\xampp\htdocs\ci-news\system\Database\BaseConnection.php(666): CodeIgniter\Database\MySQLi\Connection->execute('INSERT INTO `mu...')
#2 C:\xampp\htdocs\ci-news\system\Database\BaseConnection.php(593): CodeIgniter\Database\BaseConnection->simpleQuery('INSERT INTO `mu...')
#3 C:\xampp\htdocs\ci-news\system\Database\BaseBuilder.php(1916): CodeIgniter\Database\BaseConnection->query('INSERT INTO `mu...', Array, false)
#4 C:\xampp\htdocs\ci-news\system\Model.php(279): CodeIgniter\Database\BaseBuilder->insert()
#5 C:\xampp\htdocs\ci-news\system\BaseModel.php(749): CodeIgniter\Model->doInsert(Array)
#6 C:\xampp\htdocs\ci-news\system\Model.php(667): CodeIgniter\BaseModel->insert(Array, true)
#7 C:\xampp\htdocs\ci-news\app\Controllers\Music.php(31): CodeIgniter\Model->insert(Array)
#8 C:\xampp\htdocs\ci-news\system\CodeIgniter.php(927): App\Controllers\Music->create()
#9 C:\xampp\htdocs\ci-news\system\CodeIgniter.php(482): CodeIgniter\CodeIgniter->runController(Object(App\Controllers\Music))
#10 C:\xampp\htdocs\ci-news\system\CodeIgniter.php(351): CodeIgniter\CodeIgniter->handleRequest(NULL, Object(Config\Cache), false)
#11 C:\xampp\htdocs\ci-news\public\index.php(67): CodeIgniter\CodeIgniter->run()
#12 C:\xampp\htdocs\ci-news\system\Commands\Server\rewrite.php(46): require_once('C:\\xampp\\htdocs...')
#13 {main}
CRITICAL - 2022-11-11 02:42:10 --> Column 'date_added' cannot be null
in SYSTEMPATH\Database\MySQLi\Connection.php on line 292.
 1 SYSTEMPATH\Database\MySQLi\Connection.php(292): mysqli->query('INSERT INTO `music` (`title`, `singer`, `genre`, `date_added`) VALUES (\'Atlantis\', \'Seafles\', \'Pop\', NULL)', 0)
 2 SYSTEMPATH\Database\BaseConnection.php(666): CodeIgniter\Database\MySQLi\Connection->execute('INSERT INTO `music` (`title`, `singer`, `genre`, `date_added`) VALUES (\'Atlantis\', \'Seafles\', \'Pop\', NULL)')
 3 SYSTEMPATH\Database\BaseConnection.php(593): CodeIgniter\Database\BaseConnection->simpleQuery('INSERT INTO `music` (`title`, `singer`, `genre`, `date_added`) VALUES (\'Atlantis\', \'Seafles\', \'Pop\', NULL)')
 4 SYSTEMPATH\Database\BaseBuilder.php(1916): CodeIgniter\Database\BaseConnection->query('INSERT INTO `music` (`title`, `singer`, `genre`, `date_added`) VALUES (:title:, :singer:, :genre:, :date_added:)', [...], false)
 5 SYSTEMPATH\Model.php(279): CodeIgniter\Database\BaseBuilder->insert()
 6 SYSTEMPATH\BaseModel.php(749): CodeIgniter\Model->doInsert([...])
 7 SYSTEMPATH\Model.php(667): CodeIgniter\BaseModel->insert([...], true)
 8 APPPATH\Controllers\Music.php(31): CodeIgniter\Model->insert([...])
 9 SYSTEMPATH\CodeIgniter.php(927): App\Controllers\Music->create()
10 SYSTEMPATH\CodeIgniter.php(482): CodeIgniter\CodeIgniter->runController(Object(App\Controllers\Music))
11 SYSTEMPATH\CodeIgniter.php(351): CodeIgniter\CodeIgniter->handleRequest(null, Object(Config\Cache), false)
12 FCPATH\index.php(67): CodeIgniter\CodeIgniter->run()
13 SYSTEMPATH\Commands\Server\rewrite.php(46): require_once('FCPATH\\index.php')
CRITICAL - 2022-11-11 02:45:44 --> Undefined variable $row
in APPPATH\Views\edit-music.php on line 6.
 1 APPPATH\Views\edit-music.php(6): CodeIgniter\Debug\Exceptions->errorHandler(2, 'Undefined variable $row', 'APPPATH\\Views\\edit-music.php', 6)
 2 SYSTEMPATH\View\View.php(213): include('APPPATH\\Views\\edit-music.php')
 3 SYSTEMPATH\View\View.php(216): CodeIgniter\View\View->CodeIgniter\View\{closure}()
 4 SYSTEMPATH\Common.php(1134): CodeIgniter\View\View->render('edit-music', [], true)
 5 APPPATH\Controllers\Music.php(50): view('edit-music', [...])
 6 SYSTEMPATH\CodeIgniter.php(927): App\Controllers\Music->edit('2')
 7 SYSTEMPATH\CodeIgniter.php(482): CodeIgniter\CodeIgniter->runController(Object(App\Controllers\Music))
 8 SYSTEMPATH\CodeIgniter.php(351): CodeIgniter\CodeIgniter->handleRequest(null, Object(Config\Cache), false)
 9 FCPATH\index.php(67): CodeIgniter\CodeIgniter->run()
10 SYSTEMPATH\Commands\Server\rewrite.php(46): require_once('FCPATH\\index.php')
CRITICAL - 2022-11-11 02:49:00 --> Undefined variable $contact
in APPPATH\Views\edit-music.php on line 9.
 1 APPPATH\Views\edit-music.php(9): CodeIgniter\Debug\Exceptions->errorHandler(2, 'Undefined variable $contact', 'APPPATH\\Views\\edit-music.php', 9)
 2 SYSTEMPATH\View\View.php(213): include('APPPATH\\Views\\edit-music.php')
 3 SYSTEMPATH\View\View.php(216): CodeIgniter\View\View->CodeIgniter\View\{closure}()
 4 SYSTEMPATH\Common.php(1134): CodeIgniter\View\View->render('edit-music', [], true)
 5 APPPATH\Controllers\Music.php(50): view('edit-music', [...])
 6 SYSTEMPATH\CodeIgniter.php(927): App\Controllers\Music->edit('1')
 7 SYSTEMPATH\CodeIgniter.php(482): CodeIgniter\CodeIgniter->runController(Object(App\Controllers\Music))
 8 SYSTEMPATH\CodeIgniter.php(351): CodeIgniter\CodeIgniter->handleRequest(null, Object(Config\Cache), false)
 9 FCPATH\index.php(67): CodeIgniter\CodeIgniter->run()
10 SYSTEMPATH\Commands\Server\rewrite.php(46): require_once('FCPATH\\index.php')
CRITICAL - 2022-11-11 02:49:57 --> Undefined variable $contact
in APPPATH\Views\edit-music.php on line 9.
 1 APPPATH\Views\edit-music.php(9): CodeIgniter\Debug\Exceptions->errorHandler(2, 'Undefined variable $contact', 'APPPATH\\Views\\edit-music.php', 9)
 2 SYSTEMPATH\View\View.php(213): include('APPPATH\\Views\\edit-music.php')
 3 SYSTEMPATH\View\View.php(216): CodeIgniter\View\View->CodeIgniter\View\{closure}()
 4 SYSTEMPATH\Common.php(1134): CodeIgniter\View\View->render('edit-music', [], true)
 5 APPPATH\Controllers\Music.php(50): view('edit-music', [...])
 6 SYSTEMPATH\CodeIgniter.php(927): App\Controllers\Music->edit('1')
 7 SYSTEMPATH\CodeIgniter.php(482): CodeIgniter\CodeIgniter->runController(Object(App\Controllers\Music))
 8 SYSTEMPATH\CodeIgniter.php(351): CodeIgniter\CodeIgniter->handleRequest(null, Object(Config\Cache), false)
 9 FCPATH\index.php(67): CodeIgniter\CodeIgniter->run()
10 SYSTEMPATH\Commands\Server\rewrite.php(46): require_once('FCPATH\\index.php')
CRITICAL - 2022-11-11 02:50:00 --> Undefined variable $contact
in APPPATH\Views\edit-music.php on line 9.
 1 APPPATH\Views\edit-music.php(9): CodeIgniter\Debug\Exceptions->errorHandler(2, 'Undefined variable $contact', 'APPPATH\\Views\\edit-music.php', 9)
 2 SYSTEMPATH\View\View.php(213): include('APPPATH\\Views\\edit-music.php')
 3 SYSTEMPATH\View\View.php(216): CodeIgniter\View\View->CodeIgniter\View\{closure}()
 4 SYSTEMPATH\Common.php(1134): CodeIgniter\View\View->render('edit-music', [], true)
 5 APPPATH\Controllers\Music.php(50): view('edit-music', [...])
 6 SYSTEMPATH\CodeIgniter.php(927): App\Controllers\Music->edit('5')
 7 SYSTEMPATH\CodeIgniter.php(482): CodeIgniter\CodeIgniter->runController(Object(App\Controllers\Music))
 8 SYSTEMPATH\CodeIgniter.php(351): CodeIgniter\CodeIgniter->handleRequest(null, Object(Config\Cache), false)
 9 FCPATH\index.php(67): CodeIgniter\CodeIgniter->run()
10 SYSTEMPATH\Commands\Server\rewrite.php(46): require_once('FCPATH\\index.php')
CRITICAL - 2022-11-11 02:50:11 --> Undefined array key "date"
in APPPATH\Views\edit-music.php on line 21.
 1 APPPATH\Views\edit-music.php(21): CodeIgniter\Debug\Exceptions->errorHandler(2, 'Undefined array key "date"', 'APPPATH\\Views\\edit-music.php', 21)
 2 SYSTEMPATH\View\View.php(213): include('APPPATH\\Views\\edit-music.php')
 3 SYSTEMPATH\View\View.php(216): CodeIgniter\View\View->CodeIgniter\View\{closure}()
 4 SYSTEMPATH\Common.php(1134): CodeIgniter\View\View->render('edit-music', [], true)
 5 APPPATH\Controllers\Music.php(50): view('edit-music', [...])
 6 SYSTEMPATH\CodeIgniter.php(927): App\Controllers\Music->edit('5')
 7 SYSTEMPATH\CodeIgniter.php(482): CodeIgniter\CodeIgniter->runController(Object(App\Controllers\Music))
 8 SYSTEMPATH\CodeIgniter.php(351): CodeIgniter\CodeIgniter->handleRequest(null, Object(Config\Cache), false)
 9 FCPATH\index.php(67): CodeIgniter\CodeIgniter->run()
10 SYSTEMPATH\Commands\Server\rewrite.php(46): require_once('FCPATH\\index.php')
CRITICAL - 2022-11-11 02:50:22 --> Undefined array key "date-added"
in APPPATH\Views\edit-music.php on line 21.
 1 APPPATH\Views\edit-music.php(21): CodeIgniter\Debug\Exceptions->errorHandler(2, 'Undefined array key "date-added"', 'APPPATH\\Views\\edit-music.php', 21)
 2 SYSTEMPATH\View\View.php(213): include('APPPATH\\Views\\edit-music.php')
 3 SYSTEMPATH\View\View.php(216): CodeIgniter\View\View->CodeIgniter\View\{closure}()
 4 SYSTEMPATH\Common.php(1134): CodeIgniter\View\View->render('edit-music', [], true)
 5 APPPATH\Controllers\Music.php(50): view('edit-music', [...])
 6 SYSTEMPATH\CodeIgniter.php(927): App\Controllers\Music->edit('5')
 7 SYSTEMPATH\CodeIgniter.php(482): CodeIgniter\CodeIgniter->runController(Object(App\Controllers\Music))
 8 SYSTEMPATH\CodeIgniter.php(351): CodeIgniter\CodeIgniter->handleRequest(null, Object(Config\Cache), false)
 9 FCPATH\index.php(67): CodeIgniter\CodeIgniter->run()
10 SYSTEMPATH\Commands\Server\rewrite.php(46): require_once('FCPATH\\index.php')
ERROR - 2022-11-11 07:42:51 --> mysqli_sql_exception: Table 'db_music.music' doesn't exist in C:\xampp\htdocs\ci-news\system\Database\MySQLi\Connection.php:292
Stack trace:
#0 C:\xampp\htdocs\ci-news\system\Database\MySQLi\Connection.php(292): mysqli->query('SELECT *\nFROM `...', 0)
#1 C:\xampp\htdocs\ci-news\system\Database\BaseConnection.php(666): CodeIgniter\Database\MySQLi\Connection->execute('SELECT *\nFROM `...')
#2 C:\xampp\htdocs\ci-news\system\Database\BaseConnection.php(593): CodeIgniter\Database\BaseConnection->simpleQuery('SELECT *\nFROM `...')
#3 C:\xampp\htdocs\ci-news\system\Database\BaseBuilder.php(1585): CodeIgniter\Database\BaseConnection->query('SELECT *\nFROM `...', Array, false)
#4 C:\xampp\htdocs\ci-news\system\Model.php(223): CodeIgniter\Database\BaseBuilder->get()
#5 C:\xampp\htdocs\ci-news\system\BaseModel.php(585): CodeIgniter\Model->doFindAll(0, 0)
#6 C:\xampp\htdocs\ci-news\app\Controllers\Music.php(13): CodeIgniter\BaseModel->findAll()
#7 C:\xampp\htdocs\ci-news\system\CodeIgniter.php(927): App\Controllers\Music->music()
#8 C:\xampp\htdocs\ci-news\system\CodeIgniter.php(482): CodeIgniter\CodeIgniter->runController(Object(App\Controllers\Music))
#9 C:\xampp\htdocs\ci-news\system\CodeIgniter.php(351): CodeIgniter\CodeIgniter->handleRequest(NULL, Object(Config\Cache), false)
#10 C:\xampp\htdocs\ci-news\public\index.php(67): CodeIgniter\CodeIgniter->run()
#11 C:\xampp\htdocs\ci-news\system\Commands\Server\rewrite.php(46): require_once('C:\\xampp\\htdocs...')
#12 {main}
CRITICAL - 2022-11-11 07:42:51 --> Table 'db_music.music' doesn't exist
in SYSTEMPATH\Database\MySQLi\Connection.php on line 292.
 1 SYSTEMPATH\Database\MySQLi\Connection.php(292): mysqli->query('SELECT *
FROM `music`', 0)
 2 SYSTEMPATH\Database\BaseConnection.php(666): CodeIgniter\Database\MySQLi\Connection->execute('SELECT *
FROM `music`')
 3 SYSTEMPATH\Database\BaseConnection.php(593): CodeIgniter\Database\BaseConnection->simpleQuery('SELECT *
FROM `music`')
 4 SYSTEMPATH\Database\BaseBuilder.php(1585): CodeIgniter\Database\BaseConnection->query('SELECT *
FROM `music`', [], false)
 5 SYSTEMPATH\Model.php(223): CodeIgniter\Database\BaseBuilder->get()
 6 SYSTEMPATH\BaseModel.php(585): CodeIgniter\Model->doFindAll(0, 0)
 7 APPPATH\Controllers\Music.php(13): CodeIgniter\BaseModel->findAll()
 8 SYSTEMPATH\CodeIgniter.php(927): App\Controllers\Music->music()
 9 SYSTEMPATH\CodeIgniter.php(482): CodeIgniter\CodeIgniter->runController(Object(App\Controllers\Music))
10 SYSTEMPATH\CodeIgniter.php(351): CodeIgniter\CodeIgniter->handleRequest(null, Object(Config\Cache), false)
11 FCPATH\index.php(67): CodeIgniter\CodeIgniter->run()
12 SYSTEMPATH\Commands\Server\rewrite.php(46): require_once('FCPATH\\index.php')
ERROR - 2022-11-11 07:46:22 --> mysqli_sql_exception: Table 'db_music.music' doesn't exist in C:\xampp\htdocs\ci-news\system\Database\MySQLi\Connection.php:292
Stack trace:
#0 C:\xampp\htdocs\ci-news\system\Database\MySQLi\Connection.php(292): mysqli->query('SELECT *\nFROM `...', 0)
#1 C:\xampp\htdocs\ci-news\system\Database\BaseConnection.php(666): CodeIgniter\Database\MySQLi\Connection->execute('SELECT *\nFROM `...')
#2 C:\xampp\htdocs\ci-news\system\Database\BaseConnection.php(593): CodeIgniter\Database\BaseConnection->simpleQuery('SELECT *\nFROM `...')
#3 C:\xampp\htdocs\ci-news\system\Database\BaseBuilder.php(1585): CodeIgniter\Database\BaseConnection->query('SELECT *\nFROM `...', Array, false)
#4 C:\xampp\htdocs\ci-news\system\Model.php(223): CodeIgniter\Database\BaseBuilder->get()
#5 C:\xampp\htdocs\ci-news\system\BaseModel.php(585): CodeIgniter\Model->doFindAll(0, 0)
#6 C:\xampp\htdocs\ci-news\app\Controllers\Music.php(13): CodeIgniter\BaseModel->findAll()
#7 C:\xampp\htdocs\ci-news\system\CodeIgniter.php(927): App\Controllers\Music->music()
#8 C:\xampp\htdocs\ci-news\system\CodeIgniter.php(482): CodeIgniter\CodeIgniter->runController(Object(App\Controllers\Music))
#9 C:\xampp\htdocs\ci-news\system\CodeIgniter.php(351): CodeIgniter\CodeIgniter->handleRequest(NULL, Object(Config\Cache), false)
#10 C:\xampp\htdocs\ci-news\public\index.php(67): CodeIgniter\CodeIgniter->run()
#11 C:\xampp\htdocs\ci-news\system\Commands\Server\rewrite.php(46): require_once('C:\\xampp\\htdocs...')
#12 {main}
CRITICAL - 2022-11-11 07:46:22 --> Table 'db_music.music' doesn't exist
in SYSTEMPATH\Database\MySQLi\Connection.php on line 292.
 1 SYSTEMPATH\Database\MySQLi\Connection.php(292): mysqli->query('SELECT *
FROM `music`', 0)
 2 SYSTEMPATH\Database\BaseConnection.php(666): CodeIgniter\Database\MySQLi\Connection->execute('SELECT *
FROM `music`')
 3 SYSTEMPATH\Database\BaseConnection.php(593): CodeIgniter\Database\BaseConnection->simpleQuery('SELECT *
FROM `music`')
 4 SYSTEMPATH\Database\BaseBuilder.php(1585): CodeIgniter\Database\BaseConnection->query('SELECT *
FROM `music`', [], false)
 5 SYSTEMPATH\Model.php(223): CodeIgniter\Database\BaseBuilder->get()
 6 SYSTEMPATH\BaseModel.php(585): CodeIgniter\Model->doFindAll(0, 0)
 7 APPPATH\Controllers\Music.php(13): CodeIgniter\BaseModel->findAll()
 8 SYSTEMPATH\CodeIgniter.php(927): App\Controllers\Music->music()
 9 SYSTEMPATH\CodeIgniter.php(482): CodeIgniter\CodeIgniter->runController(Object(App\Controllers\Music))
10 SYSTEMPATH\CodeIgniter.php(351): CodeIgniter\CodeIgniter->handleRequest(null, Object(Config\Cache), false)
11 FCPATH\index.php(67): CodeIgniter\CodeIgniter->run()
12 SYSTEMPATH\Commands\Server\rewrite.php(46): require_once('FCPATH\\index.php')
ERROR - 2022-11-11 07:46:27 --> mysqli_sql_exception: Table 'db_music.music' doesn't exist in C:\xampp\htdocs\ci-news\system\Database\MySQLi\Connection.php:292
Stack trace:
#0 C:\xampp\htdocs\ci-news\system\Database\MySQLi\Connection.php(292): mysqli->query('SELECT *\nFROM `...', 0)
#1 C:\xampp\htdocs\ci-news\system\Database\BaseConnection.php(666): CodeIgniter\Database\MySQLi\Connection->execute('SELECT *\nFROM `...')
#2 C:\xampp\htdocs\ci-news\system\Database\BaseConnection.php(593): CodeIgniter\Database\BaseConnection->simpleQuery('SELECT *\nFROM `...')
#3 C:\xampp\htdocs\ci-news\system\Database\BaseBuilder.php(1585): CodeIgniter\Database\BaseConnection->query('SELECT *\nFROM `...', Array, false)
#4 C:\xampp\htdocs\ci-news\system\Model.php(223): CodeIgniter\Database\BaseBuilder->get()
#5 C:\xampp\htdocs\ci-news\system\BaseModel.php(585): CodeIgniter\Model->doFindAll(0, 0)
#6 C:\xampp\htdocs\ci-news\app\Controllers\Music.php(13): CodeIgniter\BaseModel->findAll()
#7 C:\xampp\htdocs\ci-news\system\CodeIgniter.php(927): App\Controllers\Music->music()
#8 C:\xampp\htdocs\ci-news\system\CodeIgniter.php(482): CodeIgniter\CodeIgniter->runController(Object(App\Controllers\Music))
#9 C:\xampp\htdocs\ci-news\system\CodeIgniter.php(351): CodeIgniter\CodeIgniter->handleRequest(NULL, Object(Config\Cache), false)
#10 C:\xampp\htdocs\ci-news\public\index.php(67): CodeIgniter\CodeIgniter->run()
#11 C:\xampp\htdocs\ci-news\system\Commands\Server\rewrite.php(46): require_once('C:\\xampp\\htdocs...')
#12 {main}
CRITICAL - 2022-11-11 07:46:27 --> Table 'db_music.music' doesn't exist
in SYSTEMPATH\Database\MySQLi\Connection.php on line 292.
 1 SYSTEMPATH\Database\MySQLi\Connection.php(292): mysqli->query('SELECT *
FROM `music`', 0)
 2 SYSTEMPATH\Database\BaseConnection.php(666): CodeIgniter\Database\MySQLi\Connection->execute('SELECT *
FROM `music`')
 3 SYSTEMPATH\Database\BaseConnection.php(593): CodeIgniter\Database\BaseConnection->simpleQuery('SELECT *
FROM `music`')
 4 SYSTEMPATH\Database\BaseBuilder.php(1585): CodeIgniter\Database\BaseConnection->query('SELECT *
FROM `music`', [], false)
 5 SYSTEMPATH\Model.php(223): CodeIgniter\Database\BaseBuilder->get()
 6 SYSTEMPATH\BaseModel.php(585): CodeIgniter\Model->doFindAll(0, 0)
 7 APPPATH\Controllers\Music.php(13): CodeIgniter\BaseModel->findAll()
 8 SYSTEMPATH\CodeIgniter.php(927): App\Controllers\Music->music()
 9 SYSTEMPATH\CodeIgniter.php(482): CodeIgniter\CodeIgniter->runController(Object(App\Controllers\Music))
10 SYSTEMPATH\CodeIgniter.php(351): CodeIgniter\CodeIgniter->handleRequest(null, Object(Config\Cache), false)
11 FCPATH\index.php(67): CodeIgniter\CodeIgniter->run()
12 SYSTEMPATH\Commands\Server\rewrite.php(46): require_once('FCPATH\\index.php')
